<?xml version="1.0" encoding="UTF-8"?>
<!-- Generated by org.testng.reporters.JUnitReportReporter -->
<testsuite hostname="wishponds-MacBook-Pro.local" failures="0" tests="1" name="testcases.LoginTest" time="15.392" errors="0" timestamp="2023-06-05T08:56:09 IST" skipped="0">
  <testcase classname="testcases.LoginTest" name="loginToApplication" time="15.392"/>
  <system-out/>
</testsuite> <!-- testcases.LoginTest -->
